2021-03-18 23:06:06,930 INFO org.springframework.boot.StartupInfoLogger [main] Starting SpringBootHelloWorldApplication on ashish-LIFEBOOK-A555 with PID 9793 (/home/ashish/Desktop/Prateek/2021/March/StudentResults_API/target/classes started by ashish in /home/ashish/Desktop/Prateek/2021/March/StudentResults_API)
2021-03-18 23:06:06,935 INFO org.springframework.boot.SpringApplication [main] No active profile set, falling back to default profiles: default
2021-03-18 23:06:10,827 INFO org.springframework.context.support.PostProcessorRegistrationDelegate$BeanPostProcessorChecker [main] Bean 'org.springframework.transaction.annotation.ProxyTransactionManagementConfiguration' of type [org.springframework.transaction.annotation.ProxyTransactionManagementConfiguration$$EnhancerBySpringCGLIB$$15c9639c] is not eligible for getting processed by all BeanPostProcessors (for example: not eligible for auto-proxying)
2021-03-18 23:06:10,887 INFO org.springframework.context.support.PostProcessorRegistrationDelegate$BeanPostProcessorChecker [main] Bean 'org.apache.camel.spring.boot.CamelAutoConfiguration' of type [org.apache.camel.spring.boot.CamelAutoConfiguration$$EnhancerBySpringCGLIB$$37f329bb] is not eligible for getting processed by all BeanPostProcessors (for example: not eligible for auto-proxying)
2021-03-18 23:06:11,903 INFO org.apache.camel.impl.converter.DefaultTypeConverter [main] Type converters loaded (core: 195, classpath: 15)
2021-03-18 23:06:11,982 WARN org.springframework.context.support.AbstractApplicationContext [main] Exception encountered during context initialization - cancelling refresh attempt: org.springframework.beans.factory.BeanCreationException: Error creating bean with name 'template': Initialization of bean failed; nested exception is org.springframework.beans.factory.BeanCreationException: Error creating bean with name 'LoanApproval_db_Context': Invocation of init method failed; nested exception is org.apache.camel.TypeConversionException: Error during type conversion from type: java.lang.String to the required type: java.lang.Integer with value ${port} due For input string: "${port}"
2021-03-18 23:06:12,008 INFO org.springframework.boot.autoconfigure.logging.ConditionEvaluationReportLoggingListener [main] 

Error starting ApplicationContext. To display the conditions report re-run your application with 'debug' enabled.
2021-03-18 23:06:12,016 ERROR org.springframework.boot.SpringApplication [main] Application run failed
org.springframework.beans.factory.BeanCreationException: Error creating bean with name 'template': Initialization of bean failed; nested exception is org.springframework.beans.factory.BeanCreationException: Error creating bean with name 'LoanApproval_db_Context': Invocation of init method failed; nested exception is org.apache.camel.TypeConversionException: Error during type conversion from type: java.lang.String to the required type: java.lang.Integer with value ${port} due For input string: "${port}"
	at org.springframework.beans.factory.support.AbstractAutowireCapableBeanFactory.doCreateBean(AbstractAutowireCapableBeanFactory.java:601)
	at org.springframework.beans.factory.support.AbstractAutowireCapableBeanFactory.createBean(AbstractAutowireCapableBeanFactory.java:515)
	at org.springframework.beans.factory.support.AbstractBeanFactory.lambda$doGetBean$0(AbstractBeanFactory.java:320)
	at org.springframework.beans.factory.support.DefaultSingletonBeanRegistry.getSingleton(DefaultSingletonBeanRegistry.java:222)
	at org.springframework.beans.factory.support.AbstractBeanFactory.doGetBean(AbstractBeanFactory.java:318)
	at org.springframework.beans.factory.support.AbstractBeanFactory.getBean(AbstractBeanFactory.java:199)
	at org.springframework.beans.factory.support.DefaultListableBeanFactory.preInstantiateSingletons(DefaultListableBeanFactory.java:826)
	at org.springframework.context.support.AbstractApplicationContext.finishBeanFactoryInitialization(AbstractApplicationContext.java:877)
	at org.springframework.context.support.AbstractApplicationContext.refresh(AbstractApplicationContext.java:549)
	at org.springframework.boot.SpringApplication.refresh(SpringApplication.java:742)
	at org.springframework.boot.SpringApplication.refreshContext(SpringApplication.java:389)
	at org.springframework.boot.SpringApplication.run(SpringApplication.java:311)
	at org.springframework.boot.SpringApplication.run(SpringApplication.java:1213)
	at org.springframework.boot.SpringApplication.run(SpringApplication.java:1202)
	at com.loanapp.SpringBootHelloWorldApplication.main(SpringBootHelloWorldApplication.java:14)
	at sun.reflect.NativeMethodAccessorImpl.invoke0(Native Method)
	at sun.reflect.NativeMethodAccessorImpl.invoke(NativeMethodAccessorImpl.java:62)
	at sun.reflect.DelegatingMethodAccessorImpl.invoke(DelegatingMethodAccessorImpl.java:43)
	at java.lang.reflect.Method.invoke(Method.java:498)
	at org.springframework.boot.maven.AbstractRunMojo$LaunchRunner.run(AbstractRunMojo.java:542)
	at java.lang.Thread.run(Thread.java:748)
Caused by: org.springframework.beans.factory.BeanCreationException: Error creating bean with name 'LoanApproval_db_Context': Invocation of init method failed; nested exception is org.apache.camel.TypeConversionException: Error during type conversion from type: java.lang.String to the required type: java.lang.Integer with value ${port} due For input string: "${port}"
	at org.springframework.beans.factory.support.AbstractAutowireCapableBeanFactory.initializeBean(AbstractAutowireCapableBeanFactory.java:1778)
	at org.springframework.beans.factory.support.AbstractAutowireCapableBeanFactory.doCreateBean(AbstractAutowireCapableBeanFactory.java:593)
	at org.springframework.beans.factory.support.AbstractAutowireCapableBeanFactory.createBean(AbstractAutowireCapableBeanFactory.java:515)
	at org.springframework.beans.factory.support.AbstractBeanFactory.lambda$doGetBean$0(AbstractBeanFactory.java:320)
	at org.springframework.beans.factory.support.DefaultSingletonBeanRegistry.getSingleton(DefaultSingletonBeanRegistry.java:222)
	at org.springframework.beans.factory.support.AbstractBeanFactory.doGetBean(AbstractBeanFactory.java:318)
	at org.springframework.beans.factory.support.AbstractBeanFactory.getBean(AbstractBeanFactory.java:204)
	at org.springframework.context.support.AbstractApplicationContext.getBean(AbstractApplicationContext.java:1111)
	at org.apache.camel.spring.CamelBeanPostProcessor$1.getOrLookupCamelContext(CamelBeanPostProcessor.java:72)
	at org.apache.camel.impl.DefaultCamelBeanPostProcessor.postProcessBeforeInitialization(DefaultCamelBeanPostProcessor.java:89)
	at org.apache.camel.spring.CamelBeanPostProcessor.postProcessBeforeInitialization(CamelBeanPostProcessor.java:154)
	at org.springframework.beans.factory.support.AbstractAutowireCapableBeanFactory.applyBeanPostProcessorsBeforeInitialization(AbstractAutowireCapableBeanFactory.java:414)
	at org.springframework.beans.factory.support.AbstractAutowireCapableBeanFactory.initializeBean(AbstractAutowireCapableBeanFactory.java:1770)
	at org.springframework.beans.factory.support.AbstractAutowireCapableBeanFactory.doCreateBean(AbstractAutowireCapableBeanFactory.java:593)
	... 20 common frames omitted
Caused by: org.apache.camel.TypeConversionException: Error during type conversion from type: java.lang.String to the required type: java.lang.Integer with value ${port} due For input string: "${port}"
	at org.apache.camel.impl.converter.BaseTypeConverterRegistry.createTypeConversionException(BaseTypeConverterRegistry.java:666)
	at org.apache.camel.impl.converter.BaseTypeConverterRegistry.mandatoryConvertTo(BaseTypeConverterRegistry.java:197)
	at org.apache.camel.impl.converter.BaseTypeConverterRegistry.mandatoryConvertTo(BaseTypeConverterRegistry.java:176)
	at org.apache.camel.util.CamelContextHelper.parseInteger(CamelContextHelper.java:417)
	at org.apache.camel.model.rest.RestConfigurationDefinition.asRestConfiguration(RestConfigurationDefinition.java:818)
	at org.apache.camel.core.xml.AbstractCamelContextFactoryBean.initCamelContext(AbstractCamelContextFactoryBean.java:996)
	at org.apache.camel.core.xml.AbstractCamelContextFactoryBean.afterPropertiesSet(AbstractCamelContextFactoryBean.java:425)
	at org.apache.camel.spring.CamelContextFactoryBean.afterPropertiesSet(CamelContextFactoryBean.java:304)
	at org.springframework.beans.factory.support.AbstractAutowireCapableBeanFactory.invokeInitMethods(AbstractAutowireCapableBeanFactory.java:1837)
	at org.springframework.beans.factory.support.AbstractAutowireCapableBeanFactory.initializeBean(AbstractAutowireCapableBeanFactory.java:1774)
	... 33 common frames omitted
Caused by: java.lang.NumberFormatException: For input string: "${port}"
	at java.lang.NumberFormatException.forInputString(NumberFormatException.java:65)
	at java.lang.Integer.parseInt(Integer.java:569)
	at java.lang.Integer.valueOf(Integer.java:766)
	at org.apache.camel.converter.ObjectConverter.toInteger(ObjectConverter.java:175)
	at org.apache.camel.converter.ObjectConverterOptimised.convertTo(ObjectConverterOptimised.java:53)
	at org.apache.camel.impl.converter.OptimisedTypeConverter.convertTo(OptimisedTypeConverter.java:60)
	at org.apache.camel.impl.converter.BaseTypeConverterRegistry.doConvertTo(BaseTypeConverterRegistry.java:299)
	at org.apache.camel.impl.converter.BaseTypeConverterRegistry.mandatoryConvertTo(BaseTypeConverterRegistry.java:188)
	... 41 common frames omitted
2021-03-18 23:06:47,615 INFO org.springframework.boot.StartupInfoLogger [main] Starting SpringBootHelloWorldApplication on ashish-LIFEBOOK-A555 with PID 9834 (/home/ashish/Desktop/Prateek/2021/March/StudentResults_API/target/classes started by ashish in /home/ashish/Desktop/Prateek/2021/March/StudentResults_API)
2021-03-18 23:06:47,619 INFO org.springframework.boot.SpringApplication [main] No active profile set, falling back to default profiles: default
2021-03-18 23:06:51,206 INFO org.springframework.context.support.PostProcessorRegistrationDelegate$BeanPostProcessorChecker [main] Bean 'org.springframework.transaction.annotation.ProxyTransactionManagementConfiguration' of type [org.springframework.transaction.annotation.ProxyTransactionManagementConfiguration$$EnhancerBySpringCGLIB$$86dc629] is not eligible for getting processed by all BeanPostProcessors (for example: not eligible for auto-proxying)
2021-03-18 23:06:51,266 INFO org.springframework.context.support.PostProcessorRegistrationDelegate$BeanPostProcessorChecker [main] Bean 'org.apache.camel.spring.boot.CamelAutoConfiguration' of type [org.apache.camel.spring.boot.CamelAutoConfiguration$$EnhancerBySpringCGLIB$$2a978c48] is not eligible for getting processed by all BeanPostProcessors (for example: not eligible for auto-proxying)
2021-03-18 23:06:51,899 INFO org.apache.camel.impl.converter.DefaultTypeConverter [main] Type converters loaded (core: 195, classpath: 15)
2021-03-18 23:06:53,045 INFO org.apache.camel.spring.boot.RoutesCollector [main] Loading additional Camel XML routes from: classpath:camel/*.xml
2021-03-18 23:06:53,048 INFO org.apache.camel.spring.boot.RoutesCollector [main] Loading additional Camel XML rests from: classpath:camel-rest/*.xml
2021-03-18 23:06:53,112 INFO org.apache.camel.impl.DefaultCamelContext [main] Apache Camel 2.25.0 (CamelContext: StudentResultSpringbootServices) is starting
2021-03-18 23:06:53,118 INFO org.apache.camel.impl.DefaultCamelContext [main] StreamCaching is enabled on CamelContext: StudentResultSpringbootServices
2021-03-18 23:06:53,119 INFO org.apache.camel.management.ManagedManagementStrategy [main] JMX is enabled
2021-03-18 23:06:53,584 INFO org.apache.camel.impl.DefaultCamelContext [main] Apache Camel 2.25.0 (CamelContext: StudentResultSpringbootServices) is shutting down
2021-03-18 23:06:53,694 INFO org.apache.camel.impl.DefaultCamelContext [main] Apache Camel 2.25.0 (CamelContext: StudentResultSpringbootServices) uptime 0.581 seconds
2021-03-18 23:06:53,696 INFO org.apache.camel.impl.DefaultCamelContext [main] Apache Camel 2.25.0 (CamelContext: StudentResultSpringbootServices) is shutdown in 0.112 seconds
2021-03-18 23:06:53,744 INFO org.springframework.boot.autoconfigure.logging.ConditionEvaluationReportLoggingListener [main] 

Error starting ApplicationContext. To display the conditions report re-run your application with 'debug' enabled.
2021-03-18 23:06:53,759 ERROR org.springframework.boot.SpringApplication [main] Application run failed
org.apache.camel.RuntimeCamelException: org.apache.camel.FailedToCreateRouteException: Failed to create route get_Results_route at: >>> DoTry[[Log[Hit Received at ${date:now:yyyy-MM-dd'T'HH:mm:ss:SSS} ${body}], SetHeader[key, simple{${body[rollno]}}], SetHeader[hotrod_conn, simple{{{hotrod_conn}}}], SetHeader[hotrod_user, simple{{{hotrod_user}}}], SetHeader[hotrod_pass, simple{{{hotrod_pass}}}], Bean[ref:CacheProcess method:getIFSCFromCache], Log[Body ${body}], Log[Hit Processed at ${date:now:yyyy-MM-dd'T'HH:mm:ss:SSS} ], DoCatch[ null -> [RemoveHeaders[*], SetHeader[Content-Type, simple{application/json}], SetBody[simple{{"Status":"Failed","Messaage":"${exception.message}"}}], SetHeader[CamelRestletResponse, simple{${body}}]]], DoCatch[ null -> [RemoveHeaders[*], SetHeader[Content-Type, simple{application/json}], SetBody[simple{{"Status":"Failed","Messaage":"${exception.message}"}}], SetHeader[CamelRestletResponse, simple{${body}}]]]]] <<< in route: Route(get_Results_route)[[From[rest://post:/getResultsCache?... because of No bean could be found in the registry for: CacheProcess
	at org.apache.camel.util.ObjectHelper.wrapRuntimeCamelException(ObjectHelper.java:1826)
	at org.apache.camel.spring.SpringCamelContext.start(SpringCamelContext.java:136)
	at org.apache.camel.spring.CamelContextFactoryBean.start(CamelContextFactoryBean.java:370)
	at org.apache.camel.spring.CamelContextFactoryBean.onApplicationEvent(CamelContextFactoryBean.java:417)
	at org.apache.camel.spring.CamelContextFactoryBean.onApplicationEvent(CamelContextFactoryBean.java:95)
	at org.springframework.context.event.SimpleApplicationEventMulticaster.doInvokeListener(SimpleApplicationEventMulticaster.java:172)
	at org.springframework.context.event.SimpleApplicationEventMulticaster.invokeListener(SimpleApplicationEventMulticaster.java:165)
	at org.springframework.context.event.SimpleApplicationEventMulticaster.multicastEvent(SimpleApplicationEventMulticaster.java:139)
	at org.springframework.context.support.AbstractApplicationContext.publishEvent(AbstractApplicationContext.java:402)
	at org.springframework.context.support.AbstractApplicationContext.publishEvent(AbstractApplicationContext.java:359)
	at org.springframework.context.support.AbstractApplicationContext.finishRefresh(AbstractApplicationContext.java:896)
	at org.springframework.context.support.AbstractApplicationContext.refresh(AbstractApplicationContext.java:552)
	at org.springframework.boot.SpringApplication.refresh(SpringApplication.java:742)
	at org.springframework.boot.SpringApplication.refreshContext(SpringApplication.java:389)
	at org.springframework.boot.SpringApplication.run(SpringApplication.java:311)
	at org.springframework.boot.SpringApplication.run(SpringApplication.java:1213)
	at org.springframework.boot.SpringApplication.run(SpringApplication.java:1202)
	at com.loanapp.SpringBootHelloWorldApplication.main(SpringBootHelloWorldApplication.java:14)
	at sun.reflect.NativeMethodAccessorImpl.invoke0(Native Method)
	at sun.reflect.NativeMethodAccessorImpl.invoke(NativeMethodAccessorImpl.java:62)
	at sun.reflect.DelegatingMethodAccessorImpl.invoke(DelegatingMethodAccessorImpl.java:43)
	at java.lang.reflect.Method.invoke(Method.java:498)
	at org.springframework.boot.maven.AbstractRunMojo$LaunchRunner.run(AbstractRunMojo.java:542)
	at java.lang.Thread.run(Thread.java:748)
Caused by: org.apache.camel.FailedToCreateRouteException: Failed to create route get_Results_route at: >>> DoTry[[Log[Hit Received at ${date:now:yyyy-MM-dd'T'HH:mm:ss:SSS} ${body}], SetHeader[key, simple{${body[rollno]}}], SetHeader[hotrod_conn, simple{{{hotrod_conn}}}], SetHeader[hotrod_user, simple{{{hotrod_user}}}], SetHeader[hotrod_pass, simple{{{hotrod_pass}}}], Bean[ref:CacheProcess method:getIFSCFromCache], Log[Body ${body}], Log[Hit Processed at ${date:now:yyyy-MM-dd'T'HH:mm:ss:SSS} ], DoCatch[ null -> [RemoveHeaders[*], SetHeader[Content-Type, simple{application/json}], SetBody[simple{{"Status":"Failed","Messaage":"${exception.message}"}}], SetHeader[CamelRestletResponse, simple{${body}}]]], DoCatch[ null -> [RemoveHeaders[*], SetHeader[Content-Type, simple{application/json}], SetBody[simple{{"Status":"Failed","Messaage":"${exception.message}"}}], SetHeader[CamelRestletResponse, simple{${body}}]]]]] <<< in route: Route(get_Results_route)[[From[rest://post:/getResultsCache?... because of No bean could be found in the registry for: CacheProcess
	at org.apache.camel.model.RouteDefinition.addRoutes(RouteDefinition.java:1352)
	at org.apache.camel.model.RouteDefinition.addRoutes(RouteDefinition.java:212)
	at org.apache.camel.impl.DefaultCamelContext.startRoute(DefaultCamelContext.java:1139)
	at org.apache.camel.impl.DefaultCamelContext.startRouteDefinitions(DefaultCamelContext.java:3736)
	at org.apache.camel.impl.DefaultCamelContext.doStartCamel(DefaultCamelContext.java:3439)
	at org.apache.camel.impl.DefaultCamelContext$4.call(DefaultCamelContext.java:3247)
	at org.apache.camel.impl.DefaultCamelContext$4.call(DefaultCamelContext.java:3243)
	at org.apache.camel.impl.DefaultCamelContext.doWithDefinedClassLoader(DefaultCamelContext.java:3266)
	at org.apache.camel.impl.DefaultCamelContext.doStart(DefaultCamelContext.java:3243)
	at org.apache.camel.support.ServiceSupport.start(ServiceSupport.java:72)
	at org.apache.camel.impl.DefaultCamelContext.start(DefaultCamelContext.java:3159)
	at org.apache.camel.spring.SpringCamelContext.start(SpringCamelContext.java:133)
	... 22 common frames omitted
Caused by: org.apache.camel.NoSuchBeanException: No bean could be found in the registry for: CacheProcess
	at org.apache.camel.component.bean.RegistryBean.getBean(RegistryBean.java:94)
	at org.apache.camel.component.bean.RegistryBean.createCacheHolder(RegistryBean.java:69)
	at org.apache.camel.model.BeanDefinition.createProcessor(BeanDefinition.java:256)
	at org.apache.camel.model.ProcessorDefinition.createProcessor(ProcessorDefinition.java:518)
	at org.apache.camel.model.ProcessorDefinition.createOutputsProcessorImpl(ProcessorDefinition.java:481)
	at org.apache.camel.model.ProcessorDefinition.createOutputsProcessor(ProcessorDefinition.java:448)
	at org.apache.camel.model.TryDefinition.createProcessor(TryDefinition.java:77)
	at org.apache.camel.model.ProcessorDefinition.makeProcessorImpl(ProcessorDefinition.java:569)
	at org.apache.camel.model.ProcessorDefinition.makeProcessor(ProcessorDefinition.java:530)
	at org.apache.camel.model.ProcessorDefinition.addRoutes(ProcessorDefinition.java:240)
	at org.apache.camel.model.RouteDefinition.addRoutes(RouteDefinition.java:1349)
	... 33 common frames omitted
2021-03-18 23:09:47,298 INFO org.springframework.boot.StartupInfoLogger [main] Starting SpringBootHelloWorldApplication on ashish-LIFEBOOK-A555 with PID 9970 (/home/ashish/Desktop/Prateek/2021/March/StudentResults_API/target/classes started by ashish in /home/ashish/Desktop/Prateek/2021/March/StudentResults_API)
2021-03-18 23:09:47,304 INFO org.springframework.boot.SpringApplication [main] No active profile set, falling back to default profiles: default
2021-03-18 23:09:50,595 INFO org.springframework.context.support.PostProcessorRegistrationDelegate$BeanPostProcessorChecker [main] Bean 'org.springframework.transaction.annotation.ProxyTransactionManagementConfiguration' of type [org.springframework.transaction.annotation.ProxyTransactionManagementConfiguration$$EnhancerBySpringCGLIB$$aac6fe07] is not eligible for getting processed by all BeanPostProcessors (for example: not eligible for auto-proxying)
2021-03-18 23:09:50,657 INFO org.springframework.context.support.PostProcessorRegistrationDelegate$BeanPostProcessorChecker [main] Bean 'org.apache.camel.spring.boot.CamelAutoConfiguration' of type [org.apache.camel.spring.boot.CamelAutoConfiguration$$EnhancerBySpringCGLIB$$ccf0c426] is not eligible for getting processed by all BeanPostProcessors (for example: not eligible for auto-proxying)
2021-03-18 23:09:51,407 INFO org.apache.camel.impl.converter.DefaultTypeConverter [main] Type converters loaded (core: 195, classpath: 15)
2021-03-18 23:09:52,366 INFO org.apache.camel.spring.boot.RoutesCollector [main] Loading additional Camel XML routes from: classpath:camel/*.xml
2021-03-18 23:09:52,367 INFO org.apache.camel.spring.boot.RoutesCollector [main] Loading additional Camel XML rests from: classpath:camel-rest/*.xml
2021-03-18 23:09:52,407 INFO org.apache.camel.impl.DefaultCamelContext [main] Apache Camel 2.25.0 (CamelContext: StudentResultSpringbootServices) is starting
2021-03-18 23:09:52,410 INFO org.apache.camel.impl.DefaultCamelContext [main] StreamCaching is enabled on CamelContext: StudentResultSpringbootServices
2021-03-18 23:09:52,410 INFO org.apache.camel.management.ManagedManagementStrategy [main] JMX is enabled
2021-03-18 23:09:52,957 INFO org.apache.camel.impl.DefaultStreamCachingStrategy [main] StreamCaching in use with spool directory: /tmp/camel/camel-tmp-65f45ff8-1adb-4387-8968-d9718c593c43 and rules: [Spool > 128K body size]
2021-03-18 23:09:53,059 INFO org.eclipse.jetty.util.log.Log [main] Logging initialized @12761ms to org.eclipse.jetty.util.log.Slf4jLog
2021-03-18 23:09:53,914 INFO org.eclipse.jetty.server.Server [main] jetty-9.4.19.v20190610; built: 2019-06-10T16:30:51.723Z; git: afcf563148970e98786327af5e07c261fda175d3; jvm 1.8.0_201-b09
2021-03-18 23:09:54,023 INFO org.eclipse.jetty.server.handler.ContextHandler [main] Started o.e.j.s.ServletContextHandler@30b27ddf{/,null,AVAILABLE}
2021-03-18 23:09:54,103 INFO org.apache.camel.impl.DefaultCamelContext [main] Apache Camel 2.25.0 (CamelContext: StudentResultSpringbootServices) is shutting down
2021-03-18 23:09:54,137 INFO org.apache.camel.impl.DefaultCamelContext [main] Apache Camel 2.25.0 (CamelContext: StudentResultSpringbootServices) uptime 1.728 seconds
2021-03-18 23:09:54,142 INFO org.apache.camel.impl.DefaultCamelContext [main] Apache Camel 2.25.0 (CamelContext: StudentResultSpringbootServices) is shutdown in 0.039 seconds
2021-03-18 23:09:54,182 INFO org.springframework.boot.autoconfigure.logging.ConditionEvaluationReportLoggingListener [main] 

Error starting ApplicationContext. To display the conditions report re-run your application with 'debug' enabled.
2021-03-18 23:09:54,189 ERROR org.springframework.boot.SpringApplication [main] Application run failed
org.apache.camel.RuntimeCamelException: java.net.SocketException: Permission denied
	at org.apache.camel.util.ObjectHelper.wrapRuntimeCamelException(ObjectHelper.java:1826)
	at org.apache.camel.spring.SpringCamelContext.start(SpringCamelContext.java:136)
	at org.apache.camel.spring.CamelContextFactoryBean.start(CamelContextFactoryBean.java:370)
	at org.apache.camel.spring.CamelContextFactoryBean.onApplicationEvent(CamelContextFactoryBean.java:417)
	at org.apache.camel.spring.CamelContextFactoryBean.onApplicationEvent(CamelContextFactoryBean.java:95)
	at org.springframework.context.event.SimpleApplicationEventMulticaster.doInvokeListener(SimpleApplicationEventMulticaster.java:172)
	at org.springframework.context.event.SimpleApplicationEventMulticaster.invokeListener(SimpleApplicationEventMulticaster.java:165)
	at org.springframework.context.event.SimpleApplicationEventMulticaster.multicastEvent(SimpleApplicationEventMulticaster.java:139)
	at org.springframework.context.support.AbstractApplicationContext.publishEvent(AbstractApplicationContext.java:402)
	at org.springframework.context.support.AbstractApplicationContext.publishEvent(AbstractApplicationContext.java:359)
	at org.springframework.context.support.AbstractApplicationContext.finishRefresh(AbstractApplicationContext.java:896)
	at org.springframework.context.support.AbstractApplicationContext.refresh(AbstractApplicationContext.java:552)
	at org.springframework.boot.SpringApplication.refresh(SpringApplication.java:742)
	at org.springframework.boot.SpringApplication.refreshContext(SpringApplication.java:389)
	at org.springframework.boot.SpringApplication.run(SpringApplication.java:311)
	at org.springframework.boot.SpringApplication.run(SpringApplication.java:1213)
	at org.springframework.boot.SpringApplication.run(SpringApplication.java:1202)
	at com.loanapp.SpringBootHelloWorldApplication.main(SpringBootHelloWorldApplication.java:14)
	at sun.reflect.NativeMethodAccessorImpl.invoke0(Native Method)
	at sun.reflect.NativeMethodAccessorImpl.invoke(NativeMethodAccessorImpl.java:62)
	at sun.reflect.DelegatingMethodAccessorImpl.invoke(DelegatingMethodAccessorImpl.java:43)
	at java.lang.reflect.Method.invoke(Method.java:498)
	at org.springframework.boot.maven.AbstractRunMojo$LaunchRunner.run(AbstractRunMojo.java:542)
	at java.lang.Thread.run(Thread.java:748)
Caused by: java.net.SocketException: Permission denied
	at sun.nio.ch.Net.bind0(Native Method)
	at sun.nio.ch.Net.bind(Net.java:433)
	at sun.nio.ch.Net.bind(Net.java:425)
	at sun.nio.ch.ServerSocketChannelImpl.bind(ServerSocketChannelImpl.java:223)
	at sun.nio.ch.ServerSocketAdaptor.bind(ServerSocketAdaptor.java:74)
	at org.eclipse.jetty.server.ServerConnector.openAcceptChannel(ServerConnector.java:342)
	at org.eclipse.jetty.server.ServerConnector.open(ServerConnector.java:308)
	at org.eclipse.jetty.server.AbstractNetworkConnector.doStart(AbstractNetworkConnector.java:80)
	at org.eclipse.jetty.server.ServerConnector.doStart(ServerConnector.java:236)
	at org.eclipse.jetty.util.component.AbstractLifeCycle.start(AbstractLifeCycle.java:68)
	at org.eclipse.jetty.server.Server.doStart(Server.java:396)
	at org.eclipse.jetty.util.component.AbstractLifeCycle.start(AbstractLifeCycle.java:68)
	at org.apache.camel.component.jetty.JettyHttpComponent.connect(JettyHttpComponent.java:380)
	at org.apache.camel.http.common.HttpCommonEndpoint.connect(HttpCommonEndpoint.java:179)
	at org.apache.camel.http.common.HttpConsumer.doStart(HttpConsumer.java:58)
	at org.apache.camel.component.jetty.JettyHttpConsumer.doStart(JettyHttpConsumer.java:31)
	at org.apache.camel.support.ServiceSupport.start(ServiceSupport.java:72)
	at org.apache.camel.impl.DefaultCamelContext.startService(DefaultCamelContext.java:3710)
	at org.apache.camel.impl.DefaultCamelContext.doStartOrResumeRouteConsumers(DefaultCamelContext.java:4028)
	at org.apache.camel.impl.DefaultCamelContext.doStartRouteConsumers(DefaultCamelContext.java:3963)
	at org.apache.camel.impl.DefaultCamelContext.safelyStartRouteServices(DefaultCamelContext.java:3883)
	at org.apache.camel.impl.DefaultCamelContext.doStartOrResumeRoutes(DefaultCamelContext.java:3647)
	at org.apache.camel.impl.DefaultCamelContext.doStartCamel(DefaultCamelContext.java:3488)
	at org.apache.camel.impl.DefaultCamelContext$4.call(DefaultCamelContext.java:3247)
	at org.apache.camel.impl.DefaultCamelContext$4.call(DefaultCamelContext.java:3243)
	at org.apache.camel.impl.DefaultCamelContext.doWithDefinedClassLoader(DefaultCamelContext.java:3266)
	at org.apache.camel.impl.DefaultCamelContext.doStart(DefaultCamelContext.java:3243)
	at org.apache.camel.support.ServiceSupport.start(ServiceSupport.java:72)
	at org.apache.camel.impl.DefaultCamelContext.start(DefaultCamelContext.java:3159)
	at org.apache.camel.spring.SpringCamelContext.start(SpringCamelContext.java:133)
	... 22 common frames omitted
2021-03-18 23:11:34,094 INFO org.springframework.boot.StartupInfoLogger [main] Starting SpringBootHelloWorldApplication on ashish-LIFEBOOK-A555 with PID 10167 (/home/ashish/Desktop/Prateek/2021/March/StudentResults_API/target/classes started by ashish in /home/ashish/Desktop/Prateek/2021/March/StudentResults_API)
2021-03-18 23:11:34,098 INFO org.springframework.boot.SpringApplication [main] No active profile set, falling back to default profiles: default
2021-03-18 23:11:37,870 INFO org.springframework.context.support.PostProcessorRegistrationDelegate$BeanPostProcessorChecker [main] Bean 'org.springframework.transaction.annotation.ProxyTransactionManagementConfiguration' of type [org.springframework.transaction.annotation.ProxyTransactionManagementConfiguration$$EnhancerBySpringCGLIB$$83468171] is not eligible for getting processed by all BeanPostProcessors (for example: not eligible for auto-proxying)
2021-03-18 23:11:37,921 INFO org.springframework.context.support.PostProcessorRegistrationDelegate$BeanPostProcessorChecker [main] Bean 'org.apache.camel.spring.boot.CamelAutoConfiguration' of type [org.apache.camel.spring.boot.CamelAutoConfiguration$$EnhancerBySpringCGLIB$$a5704790] is not eligible for getting processed by all BeanPostProcessors (for example: not eligible for auto-proxying)
2021-03-18 23:11:38,531 INFO org.apache.camel.impl.converter.DefaultTypeConverter [main] Type converters loaded (core: 195, classpath: 15)
2021-03-18 23:11:39,360 INFO org.apache.camel.spring.boot.RoutesCollector [main] Loading additional Camel XML routes from: classpath:camel/*.xml
2021-03-18 23:11:39,362 INFO org.apache.camel.spring.boot.RoutesCollector [main] Loading additional Camel XML rests from: classpath:camel-rest/*.xml
2021-03-18 23:11:39,406 INFO org.apache.camel.impl.DefaultCamelContext [main] Apache Camel 2.25.0 (CamelContext: StudentResultSpringbootServices) is starting
2021-03-18 23:11:39,410 INFO org.apache.camel.impl.DefaultCamelContext [main] StreamCaching is enabled on CamelContext: StudentResultSpringbootServices
2021-03-18 23:11:39,411 INFO org.apache.camel.management.ManagedManagementStrategy [main] JMX is enabled
2021-03-18 23:11:39,866 INFO org.apache.camel.impl.DefaultStreamCachingStrategy [main] StreamCaching in use with spool directory: /tmp/camel/camel-tmp-d4cf21ce-0c7e-499c-8a4a-388b98bf64ab and rules: [Spool > 128K body size]
2021-03-18 23:11:39,956 INFO org.eclipse.jetty.util.log.Log [main] Logging initialized @11757ms to org.eclipse.jetty.util.log.Slf4jLog
2021-03-18 23:11:40,458 INFO org.eclipse.jetty.server.Server [main] jetty-9.4.19.v20190610; built: 2019-06-10T16:30:51.723Z; git: afcf563148970e98786327af5e07c261fda175d3; jvm 1.8.0_201-b09
2021-03-18 23:11:40,529 INFO org.eclipse.jetty.server.handler.ContextHandler [main] Started o.e.j.s.ServletContextHandler@6cc6f081{/,null,AVAILABLE}
2021-03-18 23:11:40,538 INFO org.apache.camel.impl.DefaultCamelContext [main] Apache Camel 2.25.0 (CamelContext: StudentResultSpringbootServices) is shutting down
2021-03-18 23:11:40,554 INFO org.apache.camel.impl.DefaultCamelContext [main] Apache Camel 2.25.0 (CamelContext: StudentResultSpringbootServices) uptime 1.147 seconds
2021-03-18 23:11:40,554 INFO org.apache.camel.impl.DefaultCamelContext [main] Apache Camel 2.25.0 (CamelContext: StudentResultSpringbootServices) is shutdown in 0.016 seconds
2021-03-18 23:11:40,571 INFO org.springframework.boot.autoconfigure.logging.ConditionEvaluationReportLoggingListener [main] 

Error starting ApplicationContext. To display the conditions report re-run your application with 'debug' enabled.
2021-03-18 23:11:40,587 ERROR org.springframework.boot.SpringApplication [main] Application run failed
org.apache.camel.RuntimeCamelException: java.net.SocketException: Permission denied
	at org.apache.camel.util.ObjectHelper.wrapRuntimeCamelException(ObjectHelper.java:1826)
	at org.apache.camel.spring.SpringCamelContext.start(SpringCamelContext.java:136)
	at org.apache.camel.spring.CamelContextFactoryBean.start(CamelContextFactoryBean.java:370)
	at org.apache.camel.spring.CamelContextFactoryBean.onApplicationEvent(CamelContextFactoryBean.java:417)
	at org.apache.camel.spring.CamelContextFactoryBean.onApplicationEvent(CamelContextFactoryBean.java:95)
	at org.springframework.context.event.SimpleApplicationEventMulticaster.doInvokeListener(SimpleApplicationEventMulticaster.java:172)
	at org.springframework.context.event.SimpleApplicationEventMulticaster.invokeListener(SimpleApplicationEventMulticaster.java:165)
	at org.springframework.context.event.SimpleApplicationEventMulticaster.multicastEvent(SimpleApplicationEventMulticaster.java:139)
	at org.springframework.context.support.AbstractApplicationContext.publishEvent(AbstractApplicationContext.java:402)
	at org.springframework.context.support.AbstractApplicationContext.publishEvent(AbstractApplicationContext.java:359)
	at org.springframework.context.support.AbstractApplicationContext.finishRefresh(AbstractApplicationContext.java:896)
	at org.springframework.context.support.AbstractApplicationContext.refresh(AbstractApplicationContext.java:552)
	at org.springframework.boot.SpringApplication.refresh(SpringApplication.java:742)
	at org.springframework.boot.SpringApplication.refreshContext(SpringApplication.java:389)
	at org.springframework.boot.SpringApplication.run(SpringApplication.java:311)
	at org.springframework.boot.SpringApplication.run(SpringApplication.java:1213)
	at org.springframework.boot.SpringApplication.run(SpringApplication.java:1202)
	at com.loanapp.SpringBootHelloWorldApplication.main(SpringBootHelloWorldApplication.java:14)
	at sun.reflect.NativeMethodAccessorImpl.invoke0(Native Method)
	at sun.reflect.NativeMethodAccessorImpl.invoke(NativeMethodAccessorImpl.java:62)
	at sun.reflect.DelegatingMethodAccessorImpl.invoke(DelegatingMethodAccessorImpl.java:43)
	at java.lang.reflect.Method.invoke(Method.java:498)
	at org.springframework.boot.maven.AbstractRunMojo$LaunchRunner.run(AbstractRunMojo.java:542)
	at java.lang.Thread.run(Thread.java:748)
Caused by: java.net.SocketException: Permission denied
	at sun.nio.ch.Net.bind0(Native Method)
	at sun.nio.ch.Net.bind(Net.java:433)
	at sun.nio.ch.Net.bind(Net.java:425)
	at sun.nio.ch.ServerSocketChannelImpl.bind(ServerSocketChannelImpl.java:223)
	at sun.nio.ch.ServerSocketAdaptor.bind(ServerSocketAdaptor.java:74)
	at org.eclipse.jetty.server.ServerConnector.openAcceptChannel(ServerConnector.java:342)
	at org.eclipse.jetty.server.ServerConnector.open(ServerConnector.java:308)
	at org.eclipse.jetty.server.AbstractNetworkConnector.doStart(AbstractNetworkConnector.java:80)
	at org.eclipse.jetty.server.ServerConnector.doStart(ServerConnector.java:236)
	at org.eclipse.jetty.util.component.AbstractLifeCycle.start(AbstractLifeCycle.java:68)
	at org.eclipse.jetty.server.Server.doStart(Server.java:396)
	at org.eclipse.jetty.util.component.AbstractLifeCycle.start(AbstractLifeCycle.java:68)
	at org.apache.camel.component.jetty.JettyHttpComponent.connect(JettyHttpComponent.java:380)
	at org.apache.camel.http.common.HttpCommonEndpoint.connect(HttpCommonEndpoint.java:179)
	at org.apache.camel.http.common.HttpConsumer.doStart(HttpConsumer.java:58)
	at org.apache.camel.component.jetty.JettyHttpConsumer.doStart(JettyHttpConsumer.java:31)
	at org.apache.camel.support.ServiceSupport.start(ServiceSupport.java:72)
	at org.apache.camel.impl.DefaultCamelContext.startService(DefaultCamelContext.java:3710)
	at org.apache.camel.impl.DefaultCamelContext.doStartOrResumeRouteConsumers(DefaultCamelContext.java:4028)
	at org.apache.camel.impl.DefaultCamelContext.doStartRouteConsumers(DefaultCamelContext.java:3963)
	at org.apache.camel.impl.DefaultCamelContext.safelyStartRouteServices(DefaultCamelContext.java:3883)
	at org.apache.camel.impl.DefaultCamelContext.doStartOrResumeRoutes(DefaultCamelContext.java:3647)
	at org.apache.camel.impl.DefaultCamelContext.doStartCamel(DefaultCamelContext.java:3488)
	at org.apache.camel.impl.DefaultCamelContext$4.call(DefaultCamelContext.java:3247)
	at org.apache.camel.impl.DefaultCamelContext$4.call(DefaultCamelContext.java:3243)
	at org.apache.camel.impl.DefaultCamelContext.doWithDefinedClassLoader(DefaultCamelContext.java:3266)
	at org.apache.camel.impl.DefaultCamelContext.doStart(DefaultCamelContext.java:3243)
	at org.apache.camel.support.ServiceSupport.start(ServiceSupport.java:72)
	at org.apache.camel.impl.DefaultCamelContext.start(DefaultCamelContext.java:3159)
	at org.apache.camel.spring.SpringCamelContext.start(SpringCamelContext.java:133)
	... 22 common frames omitted
2021-03-18 23:14:30,760 INFO org.springframework.boot.StartupInfoLogger [main] Starting SpringBootHelloWorldApplication on ashish-LIFEBOOK-A555 with PID 10406 (/home/ashish/Desktop/Prateek/2021/March/StudentResults_API/target/classes started by ashish in /home/ashish/Desktop/Prateek/2021/March/StudentResults_API)
2021-03-18 23:14:30,766 INFO org.springframework.boot.SpringApplication [main] No active profile set, falling back to default profiles: default
2021-03-18 23:14:33,955 INFO org.springframework.context.support.PostProcessorRegistrationDelegate$BeanPostProcessorChecker [main] Bean 'org.springframework.transaction.annotation.ProxyTransactionManagementConfiguration' of type [org.springframework.transaction.annotation.ProxyTransactionManagementConfiguration$$EnhancerBySpringCGLIB$$9cde30a1] is not eligible for getting processed by all BeanPostProcessors (for example: not eligible for auto-proxying)
2021-03-18 23:14:34,007 INFO org.springframework.context.support.PostProcessorRegistrationDelegate$BeanPostProcessorChecker [main] Bean 'org.apache.camel.spring.boot.CamelAutoConfiguration' of type [org.apache.camel.spring.boot.CamelAutoConfiguration$$EnhancerBySpringCGLIB$$bf07f6c0] is not eligible for getting processed by all BeanPostProcessors (for example: not eligible for auto-proxying)
2021-03-18 23:14:34,640 INFO org.apache.camel.impl.converter.DefaultTypeConverter [main] Type converters loaded (core: 195, classpath: 15)
2021-03-18 23:14:35,702 INFO org.apache.camel.spring.boot.RoutesCollector [main] Loading additional Camel XML routes from: classpath:camel/*.xml
2021-03-18 23:14:35,703 INFO org.apache.camel.spring.boot.RoutesCollector [main] Loading additional Camel XML rests from: classpath:camel-rest/*.xml
2021-03-18 23:14:35,739 INFO org.apache.camel.impl.DefaultCamelContext [main] Apache Camel 2.25.0 (CamelContext: StudentResultSpringbootServices) is starting
2021-03-18 23:14:35,742 INFO org.apache.camel.impl.DefaultCamelContext [main] StreamCaching is enabled on CamelContext: StudentResultSpringbootServices
2021-03-18 23:14:35,743 INFO org.apache.camel.management.ManagedManagementStrategy [main] JMX is enabled
2021-03-18 23:14:36,235 INFO org.apache.camel.impl.DefaultStreamCachingStrategy [main] StreamCaching in use with spool directory: /tmp/camel/camel-tmp-e22faa06-0f27-42fe-a9f3-ec89676542b4 and rules: [Spool > 128K body size]
2021-03-18 23:14:36,329 INFO org.eclipse.jetty.util.log.Log [main] Logging initialized @11679ms to org.eclipse.jetty.util.log.Slf4jLog
2021-03-18 23:14:36,879 INFO org.eclipse.jetty.server.Server [main] jetty-9.4.19.v20190610; built: 2019-06-10T16:30:51.723Z; git: afcf563148970e98786327af5e07c261fda175d3; jvm 1.8.0_201-b09
2021-03-18 23:14:36,950 INFO org.eclipse.jetty.server.handler.ContextHandler [main] Started o.e.j.s.ServletContextHandler@37c0909f{/,null,AVAILABLE}
2021-03-18 23:14:36,963 INFO org.apache.camel.impl.DefaultCamelContext [main] Apache Camel 2.25.0 (CamelContext: StudentResultSpringbootServices) is shutting down
2021-03-18 23:14:36,999 INFO org.apache.camel.impl.DefaultCamelContext [main] Apache Camel 2.25.0 (CamelContext: StudentResultSpringbootServices) uptime 1.259 seconds
2021-03-18 23:14:37,004 INFO org.apache.camel.impl.DefaultCamelContext [main] Apache Camel 2.25.0 (CamelContext: StudentResultSpringbootServices) is shutdown in 0.037 seconds
2021-03-18 23:14:37,029 INFO org.springframework.boot.autoconfigure.logging.ConditionEvaluationReportLoggingListener [main] 

Error starting ApplicationContext. To display the conditions report re-run your application with 'debug' enabled.
2021-03-18 23:14:37,046 ERROR org.springframework.boot.SpringApplication [main] Application run failed
org.apache.camel.RuntimeCamelException: java.net.SocketException: Permission denied
	at org.apache.camel.util.ObjectHelper.wrapRuntimeCamelException(ObjectHelper.java:1826)
	at org.apache.camel.spring.SpringCamelContext.start(SpringCamelContext.java:136)
	at org.apache.camel.spring.CamelContextFactoryBean.start(CamelContextFactoryBean.java:370)
	at org.apache.camel.spring.CamelContextFactoryBean.onApplicationEvent(CamelContextFactoryBean.java:417)
	at org.apache.camel.spring.CamelContextFactoryBean.onApplicationEvent(CamelContextFactoryBean.java:95)
	at org.springframework.context.event.SimpleApplicationEventMulticaster.doInvokeListener(SimpleApplicationEventMulticaster.java:172)
	at org.springframework.context.event.SimpleApplicationEventMulticaster.invokeListener(SimpleApplicationEventMulticaster.java:165)
	at org.springframework.context.event.SimpleApplicationEventMulticaster.multicastEvent(SimpleApplicationEventMulticaster.java:139)
	at org.springframework.context.support.AbstractApplicationContext.publishEvent(AbstractApplicationContext.java:402)
	at org.springframework.context.support.AbstractApplicationContext.publishEvent(AbstractApplicationContext.java:359)
	at org.springframework.context.support.AbstractApplicationContext.finishRefresh(AbstractApplicationContext.java:896)
	at org.springframework.context.support.AbstractApplicationContext.refresh(AbstractApplicationContext.java:552)
	at org.springframework.boot.SpringApplication.refresh(SpringApplication.java:742)
	at org.springframework.boot.SpringApplication.refreshContext(SpringApplication.java:389)
	at org.springframework.boot.SpringApplication.run(SpringApplication.java:311)
	at org.springframework.boot.SpringApplication.run(SpringApplication.java:1213)
	at org.springframework.boot.SpringApplication.run(SpringApplication.java:1202)
	at com.loanapp.SpringBootHelloWorldApplication.main(SpringBootHelloWorldApplication.java:14)
	at sun.reflect.NativeMethodAccessorImpl.invoke0(Native Method)
	at sun.reflect.NativeMethodAccessorImpl.invoke(NativeMethodAccessorImpl.java:62)
	at sun.reflect.DelegatingMethodAccessorImpl.invoke(DelegatingMethodAccessorImpl.java:43)
	at java.lang.reflect.Method.invoke(Method.java:498)
	at org.springframework.boot.maven.AbstractRunMojo$LaunchRunner.run(AbstractRunMojo.java:542)
	at java.lang.Thread.run(Thread.java:748)
Caused by: java.net.SocketException: Permission denied
	at sun.nio.ch.Net.bind0(Native Method)
	at sun.nio.ch.Net.bind(Net.java:433)
	at sun.nio.ch.Net.bind(Net.java:425)
	at sun.nio.ch.ServerSocketChannelImpl.bind(ServerSocketChannelImpl.java:223)
	at sun.nio.ch.ServerSocketAdaptor.bind(ServerSocketAdaptor.java:74)
	at org.eclipse.jetty.server.ServerConnector.openAcceptChannel(ServerConnector.java:342)
	at org.eclipse.jetty.server.ServerConnector.open(ServerConnector.java:308)
	at org.eclipse.jetty.server.AbstractNetworkConnector.doStart(AbstractNetworkConnector.java:80)
	at org.eclipse.jetty.server.ServerConnector.doStart(ServerConnector.java:236)
	at org.eclipse.jetty.util.component.AbstractLifeCycle.start(AbstractLifeCycle.java:68)
	at org.eclipse.jetty.server.Server.doStart(Server.java:396)
	at org.eclipse.jetty.util.component.AbstractLifeCycle.start(AbstractLifeCycle.java:68)
	at org.apache.camel.component.jetty.JettyHttpComponent.connect(JettyHttpComponent.java:380)
	at org.apache.camel.http.common.HttpCommonEndpoint.connect(HttpCommonEndpoint.java:179)
	at org.apache.camel.http.common.HttpConsumer.doStart(HttpConsumer.java:58)
	at org.apache.camel.component.jetty.JettyHttpConsumer.doStart(JettyHttpConsumer.java:31)
	at org.apache.camel.support.ServiceSupport.start(ServiceSupport.java:72)
	at org.apache.camel.impl.DefaultCamelContext.startService(DefaultCamelContext.java:3710)
	at org.apache.camel.impl.DefaultCamelContext.doStartOrResumeRouteConsumers(DefaultCamelContext.java:4028)
	at org.apache.camel.impl.DefaultCamelContext.doStartRouteConsumers(DefaultCamelContext.java:3963)
	at org.apache.camel.impl.DefaultCamelContext.safelyStartRouteServices(DefaultCamelContext.java:3883)
	at org.apache.camel.impl.DefaultCamelContext.doStartOrResumeRoutes(DefaultCamelContext.java:3647)
	at org.apache.camel.impl.DefaultCamelContext.doStartCamel(DefaultCamelContext.java:3488)
	at org.apache.camel.impl.DefaultCamelContext$4.call(DefaultCamelContext.java:3247)
	at org.apache.camel.impl.DefaultCamelContext$4.call(DefaultCamelContext.java:3243)
	at org.apache.camel.impl.DefaultCamelContext.doWithDefinedClassLoader(DefaultCamelContext.java:3266)
	at org.apache.camel.impl.DefaultCamelContext.doStart(DefaultCamelContext.java:3243)
	at org.apache.camel.support.ServiceSupport.start(ServiceSupport.java:72)
	at org.apache.camel.impl.DefaultCamelContext.start(DefaultCamelContext.java:3159)
	at org.apache.camel.spring.SpringCamelContext.start(SpringCamelContext.java:133)
	... 22 common frames omitted
2021-03-18 23:35:13,968 INFO org.springframework.boot.StartupInfoLogger [main] Starting SpringBootHelloWorldApplication on ashish-LIFEBOOK-A555 with PID 8316 (/home/ashish/Desktop/Prateek/2021/March/StudentResults_API/target/classes started by ashish in /home/ashish/Desktop/Prateek/2021/March/StudentResults_API)
2021-03-18 23:35:14,047 INFO org.springframework.boot.SpringApplication [main] No active profile set, falling back to default profiles: default
2021-03-18 23:35:17,749 INFO org.springframework.context.support.PostProcessorRegistrationDelegate$BeanPostProcessorChecker [main] Bean 'org.springframework.transaction.annotation.ProxyTransactionManagementConfiguration' of type [org.springframework.transaction.annotation.ProxyTransactionManagementConfiguration$$EnhancerBySpringCGLIB$$76768b81] is not eligible for getting processed by all BeanPostProcessors (for example: not eligible for auto-proxying)
2021-03-18 23:35:17,835 INFO org.springframework.context.support.PostProcessorRegistrationDelegate$BeanPostProcessorChecker [main] Bean 'org.apache.camel.spring.boot.CamelAutoConfiguration' of type [org.apache.camel.spring.boot.CamelAutoConfiguration$$EnhancerBySpringCGLIB$$98a051a0] is not eligible for getting processed by all BeanPostProcessors (for example: not eligible for auto-proxying)
2021-03-18 23:35:18,504 INFO org.apache.camel.impl.converter.DefaultTypeConverter [main] Type converters loaded (core: 195, classpath: 15)
2021-03-18 23:35:19,985 INFO org.apache.camel.spring.boot.RoutesCollector [main] Loading additional Camel XML routes from: classpath:camel/*.xml
2021-03-18 23:35:19,986 INFO org.apache.camel.spring.boot.RoutesCollector [main] Loading additional Camel XML rests from: classpath:camel-rest/*.xml
2021-03-18 23:35:20,027 INFO org.apache.camel.impl.DefaultCamelContext [main] Apache Camel 2.25.0 (CamelContext: StudentResultSpringbootServices) is starting
2021-03-18 23:35:20,032 INFO org.apache.camel.impl.DefaultCamelContext [main] StreamCaching is enabled on CamelContext: StudentResultSpringbootServices
2021-03-18 23:35:20,033 INFO org.apache.camel.management.ManagedManagementStrategy [main] JMX is enabled
2021-03-18 23:35:20,574 INFO org.apache.camel.impl.DefaultStreamCachingStrategy [main] StreamCaching in use with spool directory: /tmp/camel/camel-tmp-2bcf7d01-2066-48db-a38e-b7b83798065b and rules: [Spool > 128K body size]
2021-03-18 23:35:20,708 INFO org.apache.camel.impl.DefaultCamelContext [main] Apache Camel 2.25.0 (CamelContext: StudentResultSpringbootServices) is shutting down
2021-03-18 23:35:20,754 INFO org.apache.camel.impl.DefaultCamelContext [main] Apache Camel 2.25.0 (CamelContext: StudentResultSpringbootServices) uptime 0.723 seconds
2021-03-18 23:35:20,767 INFO org.apache.camel.impl.DefaultCamelContext [main] Apache Camel 2.25.0 (CamelContext: StudentResultSpringbootServices) is shutdown in 0.058 seconds
2021-03-18 23:35:20,798 INFO org.springframework.boot.autoconfigure.logging.ConditionEvaluationReportLoggingListener [main] 

Error starting ApplicationContext. To display the conditions report re-run your application with 'debug' enabled.
2021-03-18 23:35:20,805 ERROR org.springframework.boot.SpringApplication [main] Application run failed
org.apache.camel.RuntimeCamelException: org.apache.camel.FailedToCreateRouteException: Failed to create route get_Results_route: Route(get_Results_route)[[From[rest://post:/getResultsCache?... because of Component http is not a RestConsumerFactory
	at org.apache.camel.util.ObjectHelper.wrapRuntimeCamelException(ObjectHelper.java:1826)
	at org.apache.camel.spring.SpringCamelContext.start(SpringCamelContext.java:136)
	at org.apache.camel.spring.CamelContextFactoryBean.start(CamelContextFactoryBean.java:370)
	at org.apache.camel.spring.CamelContextFactoryBean.onApplicationEvent(CamelContextFactoryBean.java:417)
	at org.apache.camel.spring.CamelContextFactoryBean.onApplicationEvent(CamelContextFactoryBean.java:95)
	at org.springframework.context.event.SimpleApplicationEventMulticaster.doInvokeListener(SimpleApplicationEventMulticaster.java:172)
	at org.springframework.context.event.SimpleApplicationEventMulticaster.invokeListener(SimpleApplicationEventMulticaster.java:165)
	at org.springframework.context.event.SimpleApplicationEventMulticaster.multicastEvent(SimpleApplicationEventMulticaster.java:139)
	at org.springframework.context.support.AbstractApplicationContext.publishEvent(AbstractApplicationContext.java:402)
	at org.springframework.context.support.AbstractApplicationContext.publishEvent(AbstractApplicationContext.java:359)
	at org.springframework.context.support.AbstractApplicationContext.finishRefresh(AbstractApplicationContext.java:896)
	at org.springframework.context.support.AbstractApplicationContext.refresh(AbstractApplicationContext.java:552)
	at org.springframework.boot.SpringApplication.refresh(SpringApplication.java:742)
	at org.springframework.boot.SpringApplication.refreshContext(SpringApplication.java:389)
	at org.springframework.boot.SpringApplication.run(SpringApplication.java:311)
	at org.springframework.boot.SpringApplication.run(SpringApplication.java:1213)
	at org.springframework.boot.SpringApplication.run(SpringApplication.java:1202)
	at com.loanapp.SpringBootHelloWorldApplication.main(SpringBootHelloWorldApplication.java:14)
	at sun.reflect.NativeMethodAccessorImpl.invoke0(Native Method)
	at sun.reflect.NativeMethodAccessorImpl.invoke(NativeMethodAccessorImpl.java:62)
	at sun.reflect.DelegatingMethodAccessorImpl.invoke(DelegatingMethodAccessorImpl.java:43)
	at java.lang.reflect.Method.invoke(Method.java:498)
	at org.springframework.boot.maven.AbstractRunMojo$LaunchRunner.run(AbstractRunMojo.java:542)
	at java.lang.Thread.run(Thread.java:748)
Caused by: org.apache.camel.FailedToCreateRouteException: Failed to create route get_Results_route: Route(get_Results_route)[[From[rest://post:/getResultsCache?... because of Component http is not a RestConsumerFactory
	at org.apache.camel.impl.RouteService.warmUp(RouteService.java:147)
	at org.apache.camel.impl.DefaultCamelContext.doWarmUpRoutes(DefaultCamelContext.java:3954)
	at org.apache.camel.impl.DefaultCamelContext.safelyStartRouteServices(DefaultCamelContext.java:3861)
	at org.apache.camel.impl.DefaultCamelContext.doStartOrResumeRoutes(DefaultCamelContext.java:3647)
	at org.apache.camel.impl.DefaultCamelContext.doStartCamel(DefaultCamelContext.java:3488)
	at org.apache.camel.impl.DefaultCamelContext$4.call(DefaultCamelContext.java:3247)
	at org.apache.camel.impl.DefaultCamelContext$4.call(DefaultCamelContext.java:3243)
	at org.apache.camel.impl.DefaultCamelContext.doWithDefinedClassLoader(DefaultCamelContext.java:3266)
	at org.apache.camel.impl.DefaultCamelContext.doStart(DefaultCamelContext.java:3243)
	at org.apache.camel.support.ServiceSupport.start(ServiceSupport.java:72)
	at org.apache.camel.impl.DefaultCamelContext.start(DefaultCamelContext.java:3159)
	at org.apache.camel.spring.SpringCamelContext.start(SpringCamelContext.java:133)
	... 22 common frames omitted
Caused by: java.lang.IllegalArgumentException: Component http is not a RestConsumerFactory
	at org.apache.camel.component.rest.RestEndpoint.createConsumer(RestEndpoint.java:408)
	at org.apache.camel.impl.EventDrivenConsumerRoute.addServices(EventDrivenConsumerRoute.java:69)
	at org.apache.camel.impl.DefaultRoute.onStartingServices(DefaultRoute.java:107)
	at org.apache.camel.impl.RouteService.doWarmUp(RouteService.java:172)
	at org.apache.camel.impl.RouteService.warmUp(RouteService.java:145)
	... 33 common frames omitted
2021-03-18 23:35:48,774 INFO org.springframework.boot.StartupInfoLogger [main] Starting SpringBootHelloWorldApplication on ashish-LIFEBOOK-A555 with PID 8392 (/home/ashish/Desktop/Prateek/2021/March/StudentResults_API/target/classes started by ashish in /home/ashish/Desktop/Prateek/2021/March/StudentResults_API)
2021-03-18 23:35:48,778 INFO org.springframework.boot.SpringApplication [main] No active profile set, falling back to default profiles: default
2021-03-18 23:35:51,933 INFO org.springframework.context.support.PostProcessorRegistrationDelegate$BeanPostProcessorChecker [main] Bean 'org.springframework.transaction.annotation.ProxyTransactionManagementConfiguration' of type [org.springframework.transaction.annotation.ProxyTransactionManagementConfiguration$$EnhancerBySpringCGLIB$$5bb92aab] is not eligible for getting processed by all BeanPostProcessors (for example: not eligible for auto-proxying)
2021-03-18 23:35:51,991 INFO org.springframework.context.support.PostProcessorRegistrationDelegate$BeanPostProcessorChecker [main] Bean 'org.apache.camel.spring.boot.CamelAutoConfiguration' of type [org.apache.camel.spring.boot.CamelAutoConfiguration$$EnhancerBySpringCGLIB$$7de2f0ca] is not eligible for getting processed by all BeanPostProcessors (for example: not eligible for auto-proxying)
2021-03-18 23:35:52,665 INFO org.apache.camel.impl.converter.DefaultTypeConverter [main] Type converters loaded (core: 195, classpath: 15)
2021-03-18 23:35:53,754 INFO org.apache.camel.spring.boot.RoutesCollector [main] Loading additional Camel XML routes from: classpath:camel/*.xml
2021-03-18 23:35:53,755 INFO org.apache.camel.spring.boot.RoutesCollector [main] Loading additional Camel XML rests from: classpath:camel-rest/*.xml
2021-03-18 23:35:53,792 INFO org.apache.camel.impl.DefaultCamelContext [main] Apache Camel 2.25.0 (CamelContext: StudentResultSpringbootServices) is starting
2021-03-18 23:35:53,796 INFO org.apache.camel.impl.DefaultCamelContext [main] StreamCaching is enabled on CamelContext: StudentResultSpringbootServices
2021-03-18 23:35:53,796 INFO org.apache.camel.management.ManagedManagementStrategy [main] JMX is enabled
2021-03-18 23:35:54,292 INFO org.apache.camel.impl.DefaultStreamCachingStrategy [main] StreamCaching in use with spool directory: /tmp/camel/camel-tmp-06377339-1eca-407c-854c-78ec5c40e5e2 and rules: [Spool > 128K body size]
2021-03-18 23:35:54,368 INFO org.apache.camel.impl.DefaultCamelContext [main] Apache Camel 2.25.0 (CamelContext: StudentResultSpringbootServices) is shutting down
2021-03-18 23:35:54,399 INFO org.apache.camel.impl.DefaultCamelContext [main] Apache Camel 2.25.0 (CamelContext: StudentResultSpringbootServices) uptime 0.607 seconds
2021-03-18 23:35:54,400 INFO org.apache.camel.impl.DefaultCamelContext [main] Apache Camel 2.25.0 (CamelContext: StudentResultSpringbootServices) is shutdown in 0.032 seconds
2021-03-18 23:35:54,430 INFO org.springframework.boot.autoconfigure.logging.ConditionEvaluationReportLoggingListener [main] 

Error starting ApplicationContext. To display the conditions report re-run your application with 'debug' enabled.
2021-03-18 23:35:54,439 ERROR org.springframework.boot.SpringApplication [main] Application run failed
org.apache.camel.RuntimeCamelException: org.apache.camel.FailedToCreateRouteException: Failed to create route get_Results_route: Route(get_Results_route)[[From[rest://post:/getResultsCache?... because of No bean could be found in the registry for: http4 of type: org.apache.camel.spi.RestConsumerFactory
	at org.apache.camel.util.ObjectHelper.wrapRuntimeCamelException(ObjectHelper.java:1826)
	at org.apache.camel.spring.SpringCamelContext.start(SpringCamelContext.java:136)
	at org.apache.camel.spring.CamelContextFactoryBean.start(CamelContextFactoryBean.java:370)
	at org.apache.camel.spring.CamelContextFactoryBean.onApplicationEvent(CamelContextFactoryBean.java:417)
	at org.apache.camel.spring.CamelContextFactoryBean.onApplicationEvent(CamelContextFactoryBean.java:95)
	at org.springframework.context.event.SimpleApplicationEventMulticaster.doInvokeListener(SimpleApplicationEventMulticaster.java:172)
	at org.springframework.context.event.SimpleApplicationEventMulticaster.invokeListener(SimpleApplicationEventMulticaster.java:165)
	at org.springframework.context.event.SimpleApplicationEventMulticaster.multicastEvent(SimpleApplicationEventMulticaster.java:139)
	at org.springframework.context.support.AbstractApplicationContext.publishEvent(AbstractApplicationContext.java:402)
	at org.springframework.context.support.AbstractApplicationContext.publishEvent(AbstractApplicationContext.java:359)
	at org.springframework.context.support.AbstractApplicationContext.finishRefresh(AbstractApplicationContext.java:896)
	at org.springframework.context.support.AbstractApplicationContext.refresh(AbstractApplicationContext.java:552)
	at org.springframework.boot.SpringApplication.refresh(SpringApplication.java:742)
	at org.springframework.boot.SpringApplication.refreshContext(SpringApplication.java:389)
	at org.springframework.boot.SpringApplication.run(SpringApplication.java:311)
	at org.springframework.boot.SpringApplication.run(SpringApplication.java:1213)
	at org.springframework.boot.SpringApplication.run(SpringApplication.java:1202)
	at com.loanapp.SpringBootHelloWorldApplication.main(SpringBootHelloWorldApplication.java:14)
	at sun.reflect.NativeMethodAccessorImpl.invoke0(Native Method)
	at sun.reflect.NativeMethodAccessorImpl.invoke(NativeMethodAccessorImpl.java:62)
	at sun.reflect.DelegatingMethodAccessorImpl.invoke(DelegatingMethodAccessorImpl.java:43)
	at java.lang.reflect.Method.invoke(Method.java:498)
	at org.springframework.boot.maven.AbstractRunMojo$LaunchRunner.run(AbstractRunMojo.java:542)
	at java.lang.Thread.run(Thread.java:748)
Caused by: org.apache.camel.FailedToCreateRouteException: Failed to create route get_Results_route: Route(get_Results_route)[[From[rest://post:/getResultsCache?... because of No bean could be found in the registry for: http4 of type: org.apache.camel.spi.RestConsumerFactory
	at org.apache.camel.impl.RouteService.warmUp(RouteService.java:147)
	at org.apache.camel.impl.DefaultCamelContext.doWarmUpRoutes(DefaultCamelContext.java:3954)
	at org.apache.camel.impl.DefaultCamelContext.safelyStartRouteServices(DefaultCamelContext.java:3861)
	at org.apache.camel.impl.DefaultCamelContext.doStartOrResumeRoutes(DefaultCamelContext.java:3647)
	at org.apache.camel.impl.DefaultCamelContext.doStartCamel(DefaultCamelContext.java:3488)
	at org.apache.camel.impl.DefaultCamelContext$4.call(DefaultCamelContext.java:3247)
	at org.apache.camel.impl.DefaultCamelContext$4.call(DefaultCamelContext.java:3243)
	at org.apache.camel.impl.DefaultCamelContext.doWithDefinedClassLoader(DefaultCamelContext.java:3266)
	at org.apache.camel.impl.DefaultCamelContext.doStart(DefaultCamelContext.java:3243)
	at org.apache.camel.support.ServiceSupport.start(ServiceSupport.java:72)
	at org.apache.camel.impl.DefaultCamelContext.start(DefaultCamelContext.java:3159)
	at org.apache.camel.spring.SpringCamelContext.start(SpringCamelContext.java:133)
	... 22 common frames omitted
Caused by: org.apache.camel.NoSuchBeanException: No bean could be found in the registry for: http4 of type: org.apache.camel.spi.RestConsumerFactory
	at org.apache.camel.component.rest.RestEndpoint.createConsumer(RestEndpoint.java:410)
	at org.apache.camel.impl.EventDrivenConsumerRoute.addServices(EventDrivenConsumerRoute.java:69)
	at org.apache.camel.impl.DefaultRoute.onStartingServices(DefaultRoute.java:107)
	at org.apache.camel.impl.RouteService.doWarmUp(RouteService.java:172)
	at org.apache.camel.impl.RouteService.warmUp(RouteService.java:145)
	... 33 common frames omitted
2021-03-18 23:39:18,017 INFO org.springframework.boot.StartupInfoLogger [main] Starting SpringBootHelloWorldApplication on ashish-LIFEBOOK-A555 with PID 8761 (/home/ashish/Desktop/Prateek/2021/March/StudentResults_API/target/classes started by ashish in /home/ashish/Desktop/Prateek/2021/March/StudentResults_API)
2021-03-18 23:39:18,023 INFO org.springframework.boot.SpringApplication [main] No active profile set, falling back to default profiles: default
2021-03-18 23:39:21,388 INFO org.springframework.context.support.PostProcessorRegistrationDelegate$BeanPostProcessorChecker [main] Bean 'org.springframework.transaction.annotation.ProxyTransactionManagementConfiguration' of type [org.springframework.transaction.annotation.ProxyTransactionManagementConfiguration$$EnhancerBySpringCGLIB$$369dfe61] is not eligible for getting processed by all BeanPostProcessors (for example: not eligible for auto-proxying)
2021-03-18 23:39:21,442 INFO org.springframework.context.support.PostProcessorRegistrationDelegate$BeanPostProcessorChecker [main] Bean 'org.apache.camel.spring.boot.CamelAutoConfiguration' of type [org.apache.camel.spring.boot.CamelAutoConfiguration$$EnhancerBySpringCGLIB$$58c7c480] is not eligible for getting processed by all BeanPostProcessors (for example: not eligible for auto-proxying)
2021-03-18 23:39:22,093 INFO org.apache.camel.impl.converter.DefaultTypeConverter [main] Type converters loaded (core: 195, classpath: 15)
2021-03-18 23:39:23,130 INFO org.apache.camel.spring.boot.RoutesCollector [main] Loading additional Camel XML routes from: classpath:camel/*.xml
2021-03-18 23:39:23,131 INFO org.apache.camel.spring.boot.RoutesCollector [main] Loading additional Camel XML rests from: classpath:camel-rest/*.xml
2021-03-18 23:39:23,171 INFO org.apache.camel.impl.DefaultCamelContext [main] Apache Camel 2.25.0 (CamelContext: StudentResultSpringbootServices) is starting
2021-03-18 23:39:23,174 INFO org.apache.camel.impl.DefaultCamelContext [main] StreamCaching is enabled on CamelContext: StudentResultSpringbootServices
2021-03-18 23:39:23,176 INFO org.apache.camel.management.ManagedManagementStrategy [main] JMX is enabled
2021-03-18 23:39:23,582 INFO org.apache.camel.impl.DefaultStreamCachingStrategy [main] StreamCaching in use with spool directory: /tmp/camel/camel-tmp-f3963cdc-49cd-4294-ac04-781bbc1c5d9d and rules: [Spool > 128K body size]
2021-03-18 23:39:23,676 INFO org.eclipse.jetty.util.log.Log [main] Logging initialized @11877ms to org.eclipse.jetty.util.log.Slf4jLog
2021-03-18 23:39:24,172 INFO org.eclipse.jetty.server.Server [main] jetty-9.4.19.v20190610; built: 2019-06-10T16:30:51.723Z; git: afcf563148970e98786327af5e07c261fda175d3; jvm 1.8.0_201-b09
2021-03-18 23:39:24,250 INFO org.eclipse.jetty.server.handler.ContextHandler [main] Started o.e.j.s.ServletContextHandler@151a43f7{/,null,AVAILABLE}
2021-03-18 23:39:24,260 INFO org.apache.camel.impl.DefaultCamelContext [main] Apache Camel 2.25.0 (CamelContext: StudentResultSpringbootServices) is shutting down
2021-03-18 23:39:24,284 INFO org.apache.camel.impl.DefaultCamelContext [main] Apache Camel 2.25.0 (CamelContext: StudentResultSpringbootServices) uptime 1.109 seconds
2021-03-18 23:39:24,286 INFO org.apache.camel.impl.DefaultCamelContext [main] Apache Camel 2.25.0 (CamelContext: StudentResultSpringbootServices) is shutdown in 0.026 seconds
2021-03-18 23:39:24,316 INFO org.springframework.boot.autoconfigure.logging.ConditionEvaluationReportLoggingListener [main] 

Error starting ApplicationContext. To display the conditions report re-run your application with 'debug' enabled.
2021-03-18 23:39:24,326 ERROR org.springframework.boot.SpringApplication [main] Application run failed
org.apache.camel.RuntimeCamelException: java.net.SocketException: Permission denied
	at org.apache.camel.util.ObjectHelper.wrapRuntimeCamelException(ObjectHelper.java:1826)
	at org.apache.camel.spring.SpringCamelContext.start(SpringCamelContext.java:136)
	at org.apache.camel.spring.CamelContextFactoryBean.start(CamelContextFactoryBean.java:370)
	at org.apache.camel.spring.CamelContextFactoryBean.onApplicationEvent(CamelContextFactoryBean.java:417)
	at org.apache.camel.spring.CamelContextFactoryBean.onApplicationEvent(CamelContextFactoryBean.java:95)
	at org.springframework.context.event.SimpleApplicationEventMulticaster.doInvokeListener(SimpleApplicationEventMulticaster.java:172)
	at org.springframework.context.event.SimpleApplicationEventMulticaster.invokeListener(SimpleApplicationEventMulticaster.java:165)
	at org.springframework.context.event.SimpleApplicationEventMulticaster.multicastEvent(SimpleApplicationEventMulticaster.java:139)
	at org.springframework.context.support.AbstractApplicationContext.publishEvent(AbstractApplicationContext.java:402)
	at org.springframework.context.support.AbstractApplicationContext.publishEvent(AbstractApplicationContext.java:359)
	at org.springframework.context.support.AbstractApplicationContext.finishRefresh(AbstractApplicationContext.java:896)
	at org.springframework.context.support.AbstractApplicationContext.refresh(AbstractApplicationContext.java:552)
	at org.springframework.boot.SpringApplication.refresh(SpringApplication.java:742)
	at org.springframework.boot.SpringApplication.refreshContext(SpringApplication.java:389)
	at org.springframework.boot.SpringApplication.run(SpringApplication.java:311)
	at org.springframework.boot.SpringApplication.run(SpringApplication.java:1213)
	at org.springframework.boot.SpringApplication.run(SpringApplication.java:1202)
	at com.loanapp.SpringBootHelloWorldApplication.main(SpringBootHelloWorldApplication.java:14)
	at sun.reflect.NativeMethodAccessorImpl.invoke0(Native Method)
	at sun.reflect.NativeMethodAccessorImpl.invoke(NativeMethodAccessorImpl.java:62)
	at sun.reflect.DelegatingMethodAccessorImpl.invoke(DelegatingMethodAccessorImpl.java:43)
	at java.lang.reflect.Method.invoke(Method.java:498)
	at org.springframework.boot.maven.AbstractRunMojo$LaunchRunner.run(AbstractRunMojo.java:542)
	at java.lang.Thread.run(Thread.java:748)
Caused by: java.net.SocketException: Permission denied
	at sun.nio.ch.Net.bind0(Native Method)
	at sun.nio.ch.Net.bind(Net.java:433)
	at sun.nio.ch.Net.bind(Net.java:425)
	at sun.nio.ch.ServerSocketChannelImpl.bind(ServerSocketChannelImpl.java:223)
	at sun.nio.ch.ServerSocketAdaptor.bind(ServerSocketAdaptor.java:74)
	at org.eclipse.jetty.server.ServerConnector.openAcceptChannel(ServerConnector.java:342)
	at org.eclipse.jetty.server.ServerConnector.open(ServerConnector.java:308)
	at org.eclipse.jetty.server.AbstractNetworkConnector.doStart(AbstractNetworkConnector.java:80)
	at org.eclipse.jetty.server.ServerConnector.doStart(ServerConnector.java:236)
	at org.eclipse.jetty.util.component.AbstractLifeCycle.start(AbstractLifeCycle.java:68)
	at org.eclipse.jetty.server.Server.doStart(Server.java:396)
	at org.eclipse.jetty.util.component.AbstractLifeCycle.start(AbstractLifeCycle.java:68)
	at org.apache.camel.component.jetty.JettyHttpComponent.connect(JettyHttpComponent.java:380)
	at org.apache.camel.http.common.HttpCommonEndpoint.connect(HttpCommonEndpoint.java:179)
	at org.apache.camel.http.common.HttpConsumer.doStart(HttpConsumer.java:58)
	at org.apache.camel.component.jetty.JettyHttpConsumer.doStart(JettyHttpConsumer.java:31)
	at org.apache.camel.support.ServiceSupport.start(ServiceSupport.java:72)
	at org.apache.camel.impl.DefaultCamelContext.startService(DefaultCamelContext.java:3710)
	at org.apache.camel.impl.DefaultCamelContext.doStartOrResumeRouteConsumers(DefaultCamelContext.java:4028)
	at org.apache.camel.impl.DefaultCamelContext.doStartRouteConsumers(DefaultCamelContext.java:3963)
	at org.apache.camel.impl.DefaultCamelContext.safelyStartRouteServices(DefaultCamelContext.java:3883)
	at org.apache.camel.impl.DefaultCamelContext.doStartOrResumeRoutes(DefaultCamelContext.java:3647)
	at org.apache.camel.impl.DefaultCamelContext.doStartCamel(DefaultCamelContext.java:3488)
	at org.apache.camel.impl.DefaultCamelContext$4.call(DefaultCamelContext.java:3247)
	at org.apache.camel.impl.DefaultCamelContext$4.call(DefaultCamelContext.java:3243)
	at org.apache.camel.impl.DefaultCamelContext.doWithDefinedClassLoader(DefaultCamelContext.java:3266)
	at org.apache.camel.impl.DefaultCamelContext.doStart(DefaultCamelContext.java:3243)
	at org.apache.camel.support.ServiceSupport.start(ServiceSupport.java:72)
	at org.apache.camel.impl.DefaultCamelContext.start(DefaultCamelContext.java:3159)
	at org.apache.camel.spring.SpringCamelContext.start(SpringCamelContext.java:133)
	... 22 common frames omitted
